Arguments: 
  C:\Software\nodejs\node.exe C:\Program Files (x86)\Yarn\bin\yarn.js add koa-better-body

PATH: 
  C:\Software\Xftp 6\;C:\Software\Xshell 6\;C:\WINDOWS\system32;C:\WINDOWS;C:\WINDOWS\System32\Wbem;C:\WINDOWS\System32\WindowsPowerShell\v1.0\;C:\Program Files\Git\cmd;C:\Program Files (x86)\Yarn\bin\;C:\WINDOWS\System32\OpenSSH\;C:\Users\EC\AppData\Roaming\nvm;C:\Software\nodejs;C:\Program Files\Docker\Docker\resources\bin;C:\ProgramData\DockerDesktop\version-bin;C:\Users\EC\AppData\Local\Microsoft\WindowsApps;C:\Software\Microsoft VS Code\bin;C:\Users\EC\AppData\Local\Yarn\bin;C:\Users\EC\AppData\Roaming\nvm;C:\Software\nodejs

Yarn version: 
  1.22.4

Node version: 
  12.16.1

Platform: 
  win32 x64

Trace: 
  Error: getaddrinfo ENOENT raw.githubusercontent.com
      at GetAddrInfoReqWrap.onlookup [as oncomplete] (dns.js:64:26)

npm manifest: 
  {
    "name": "learn-koa",
    "version": "1.0.0",
    "description": "",
    "main": "index.js",
    "scripts": {
      "start": "nodemon --exec babel-node app.js",
      "test": "echo \"Error: no test specified\" && exit 1"
    },
    "keywords": [],
    "author": "",
    "license": "ISC",
    "devDependencies": {
      "@babel/core": "^7.10.4",
      "@babel/node": "^7.10.4",
      "@babel/preset-env": "^7.10.4",
      "eslint": "^7.4.0",
      "eslint-config-standard": "^14.1.1",
      "eslint-plugin-import": "^2.22.0",
      "eslint-plugin-node": "^11.1.0",
      "eslint-plugin-promise": "^4.2.1",
      "eslint-plugin-standard": "^4.0.1",
      "koa-router": "^9.1.0",
      "nodemon": "^2.0.4"
    },
    "dependencies": {
      "ejs": "^3.1.3",
      "koa": "^2.13.0",
      "koa-bodyparser": "^4.3.0",
      "koa-static": "^5.0.0",
      "koa-views": "^6.3.0"
    }
  }

yarn manifest: 
  No manifest

Lockfile: 
  No lockfile
